l:>01:30:04-/news/
l:>01:30:04-end
l:>02:01:15-/news/
l:>02:01:15-end
l:>02:01:18-/news/121333345/
l:>02:01:18-end
l:>02:04:41-/news/121333345/
l:>02:04:41-end
l:>05:32:09-/news/121333345/
l:>05:32:09-end
l:>06:52:36-/news/get_nme/
l:>06:52:36-end
l:>06:52:52-/news/get_nme/
l:>06:52:52-end
l:>06:58:35-/news/get_nme/
l:>06:58:35-end
l:>07:04:30-/news/get_nme/
l:>07:04:30-end
l:>07:04:31-/news/get_nme/
l:>07:04:31-end
l:>07:04:31-/news/get_nme/
l:>07:04:31-end
l:>07:04:58-/news/get_nme/
l:>07:04:58-end
l:>07:04:58-/news/get_nme/
l:>07:04:58-end
l:>07:04:58-/news/get_nme/
l:>07:04:58-end
l:>07:05:02-/news/get_nme/
l:>07:05:02-end
l:>07:07:18-/news/get_nme/
l:>07:07:18-end
l:>07:08:48-/news/1
l:>07:08:48-end
l:>07:09:08-/news/detail/1
l:>07:09:08-end
l:>07:09:15-/news/detail/1
l:>07:09:15-end
l:>07:09:46-/news/detail/1
l:>07:09:46-end
l:>07:09:53-/news/detail/1
l:>07:09:53-end
l:>07:11:44-/news/detail/1
l:>07:12:07-/news/detail/1
l:>07:12:07-end
l:>07:13:41-/news/detail/1
l:>07:13:41-end
l:>07:13:49-/news/detail/1
l:>07:13:49-end
l:>07:14:01-/news/detail/1
l:>07:14:01-end
l:>07:14:01-/news/detail/1
l:>07:14:01-end
l:>07:14:10-/news/detail/1
l:>07:14:10-end
l:>07:14:10-/news/detail/1
l:>07:14:10-end
l:>07:14:11-/news/detail/1
l:>07:14:11-end
l:>07:14:11-/news/detail/1
l:>07:14:11-end
l:>07:14:11-/news/detail/1
l:>07:14:11-end
l:>07:14:11-/news/detail/1
l:>07:14:11-end
l:>07:14:11-/news/detail/1
l:>07:14:12-end
l:>07:14:12-/news/detail/1
l:>07:14:12-end
l:>07:14:12-/news/detail/1
l:>07:14:12-/news/detail/1
l:>07:14:12-end
l:>07:14:12-end
l:>07:14:12-/news/detail/1
l:>07:14:12-end
l:>07:14:12-/news/detail/1
l:>07:14:12-end
l:>07:14:12-/news/detail/1
l:>07:14:12-end
l:>07:14:13-/news/detail/1
l:>07:14:13-end
l:>07:14:13-/news/detail/1
l:>07:14:13-end
l:>07:14:13-/news/detail/1
l:>07:14:13-end
l:>07:14:13-/news/detail/1
l:>07:14:13-end
l:>07:14:13-/news/detail/1
l:>07:14:13-end
l:>07:14:13-/news/detail/1
l:>07:14:13-end
l:>07:14:13-/news/detail/1
l:>07:14:13-end
l:>07:14:13-/news/detail/1
l:>07:14:13-end
l:>07:14:13-/news/detail/1
l:>07:14:13-end
l:>07:14:13-/news/detail/1
l:>07:14:13-end
l:>07:14:14-/news/detail/1
l:>07:14:14-end
l:>07:14:14-/news/detail/1
l:>07:14:14-end
l:>07:14:14-/news/detail/1
l:>07:14:14-end
l:>07:14:14-/news/detail/1
l:>07:14:14-end
l:>07:14:14-/news/detail/1
l:>07:14:14-end
l:>07:14:14-/news/detail/1
l:>07:14:14-end
l:>07:14:14-/news/detail/1
l:>07:14:14-end
l:>07:14:14-/news/detail/1
l:>07:14:14-end
l:>07:14:15-/news/detail/1
l:>07:14:15-end
l:>07:14:15-/news/detail/1
l:>07:14:15-end
l:>07:14:15-/news/detail/1
l:>07:14:15-end
l:>07:14:15-/news/detail/1
l:>07:14:15-end
l:>07:14:15-/news/detail/1
l:>07:14:15-end
l:>07:14:15-/news/detail/1
l:>07:14:15-end
l:>07:14:15-/news/detail/1
l:>07:14:15-end
l:>07:14:15-/news/detail/1
l:>07:14:15-end
l:>07:14:16-/news/detail/1
l:>07:14:16-end
l:>07:14:16-/news/detail/1
l:>07:14:16-end
l:>07:14:16-/news/detail/1
l:>07:14:16-end
l:>07:14:16-/news/detail/1
l:>07:14:16-end
l:>07:14:16-/news/detail/1
l:>07:14:16-end
l:>07:14:16-/news/detail/1
l:>07:14:16-end
l:>07:14:16-/news/detail/1
l:>07:14:16-end
l:>07:14:16-/news/detail/1
l:>07:14:16-end
l:>07:14:16-/news/detail/1
l:>07:14:16-end
l:>07:14:16-/news/detail/1
l:>07:14:16-end
l:>07:14:17-/news/detail/1
l:>07:14:17-end
l:>07:14:17-/news/detail/1
l:>07:14:17-end
l:>07:14:18-/news/detail/1
l:>07:14:18-end
l:>07:14:18-/news/detail/1
l:>07:14:18-end
l:>07:14:18-/news/detail/1
l:>07:14:18-end
l:>07:14:18-/news/detail/1
l:>07:14:18-end
l:>07:14:18-/news/detail/1
l:>07:14:18-end
l:>07:14:18-/news/detail/1
l:>07:14:18-end
l:>07:14:19-/news/detail/1
l:>07:14:19-end
l:>07:14:19-/news/detail/1
l:>07:14:19-end
l:>07:14:22-/news/detail/1
l:>07:14:22-end
l:>07:14:22-/news/detail/1
l:>07:14:22-end
l:>07:14:22-/news/detail/1
l:>07:14:22-end
l:>07:14:22-/news/detail/1
l:>07:14:22-end
l:>07:14:23-/news/detail/1
l:>07:14:23-end
l:>07:14:23-/news/detail/1
l:>07:14:23-end
l:>07:14:23-/news/detail/1
l:>07:14:23-end
l:>07:14:23-/news/detail/1
l:>07:14:23-end
l:>07:14:23-/news/detail/1
l:>07:14:23-end
l:>07:14:23-/news/detail/1
l:>07:14:23-end
l:>07:15:21-/news/detail/1
l:>07:15:21-end
l:>07:15:21-/news/detail/1
l:>07:15:21-end
l:>07:15:27-/news/detail/1
l:>07:15:27-end
l:>07:15:27-/news/detail/1
l:>07:15:27-end
l:>07:15:31-/news/detail/1
l:>07:15:31-end
l:>07:15:37-/news/detail/1
l:>07:15:37-end
l:>07:15:44-/news/detail/2
l:>07:15:44-end
l:>07:15:48-/news/detail/2/
l:>07:15:48-end
l:>07:15:53-/news/detail/3
l:>07:15:53-end
l:>07:15:56-/news/detail/99
l:>07:15:56-end
l:>07:16:07-/news/3
l:>07:16:07-end
l:>07:16:10-/news/4
l:>07:16:10-end
l:>07:16:13-/news/6
l:>07:16:13-end
l:>07:17:47-/news/6
l:>07:17:47-end
l:>07:18:53-/news/121333345/
l:>07:18:53-end
l:>07:18:56-/news/1
l:>07:18:56-end
l:>07:19:24-/news/1
l:>07:19:24-end
l:>07:19:37-/news/1
l:>07:19:37-end
l:>07:19:56-/news/1
l:>07:19:56-end
l:>07:20:05-/news/1
l:>07:20:05-end
l:>07:20:35-/news/1
l:>07:20:35-end
l:>07:20:55-/news/1
l:>07:20:55-end
l:>07:21:00-/news/1
l:>07:21:00-end
l:>07:21:01-/news/1
l:>07:21:01-end
l:>07:21:06-/news/1
l:>07:21:06-end
l:>07:21:10-/news/1
l:>07:21:10-end
l:>07:21:14-/news/1
l:>07:21:14-end
l:>07:21:48-/news/1
l:>07:21:48-end
l:>07:22:08-/news/1
l:>07:22:08-end
l:>07:22:13-/news/1
l:>07:22:13-end
l:>07:22:21-/news/1
l:>07:22:21-end
l:>07:22:46-/news/1
l:>07:22:46-end
l:>07:22:47-/news/1
l:>07:22:47-end
l:>07:22:58-/news/1
l:>07:22:58-end
l:>07:24:47-/news/2
l:>07:24:47-end
l:>07:24:49-/news/3
l:>07:24:49-end
l:>07:26:15-/news/3
l:>07:26:15-end
l:>07:26:46-/news/3
l:>07:26:46-end
l:>07:26:47-/news/3
l:>07:26:47-end
l:>07:26:47-/news/3
l:>07:26:47-end
l:>07:26:48-/news/3
l:>07:26:48-end
l:>07:26:48-/news/3
l:>07:26:48-end
l:>07:26:48-/news/3
l:>07:26:48-end
