l:>/usr/inf/2/
l:>end
l:>/favicon.ico
l:>end
l:>/favicon.ico
l:>end
l:>/usr/inf/3/
l:>end
l:>/usr/inf/3/
l:>end
l:>/usr/inf/3/
l:>end
l:>/usr/inf/3/
l:>end
l:>/usr/inf/3/
l:>end
l:>/usr/inf/3/
l:>end
l:>end
l:>end
l:>/reg/usr/reg/
l:>end
l:>/reg/usr/reg/
l:>end
l:>/reg/usr/reg/
l:>end
l:>/reg/usr/reg/
l:>end
l:>/reg/usr/reg/
l:>end
l:>/reg/usr/reg/
l:>end
l:>/reg/usr/reg/
l:>end
l:>/reg/usr/reg/
l:>end
l:>/reg/usr/reg/
l:>end
l:>/reg/usr/reg/
l:>end
l:>/reg/usr/reg/
l:>end
l:>/reg/usr/reg/
l:>end
l:>/reg/usr/reg/
l:>end
l:>/reg/usr/reg/
l:>end
l:>/reg/usr/reg/
l:>end
l:>/reg/usr/reg/
l:>end
l:>/reg/usr/reg/
l:>end
l:>/reg/usr/reg/
l:>end
l:>/reg/usr/reg/
l:>end
l:>/reg/usr/reg/
l:>end
l:>/reg/usr/reg/
l:>end
l:>/reg/usr/reg/
l:>end
l:>/reg/usr/reg/
l:>end
l:>/reg/usr/reg/
l:>end
l:>/reg/usr/reg/
l:>end
l:>/reg/usr/reg/
l:>end
l:>/usr/reg/
l:>/usr/reg/
l:>end
l:>/usr/reg/
l:>end
l:>/usr/reg/
l:>end
l:>/usr/reg/
l:>end
l:>/usr/reg/
l:>end
l:>/usr/reg/
l:>end
l:>/usr/reg/
l:>end
l:>/usr/reg/
l:>end
l:>/usr/reg/
l:>end
l:>/usr/reg/
l:>end
l:>/usr/reg/
l:>end
l:>/usr/reg/
l:>end
l:>/usr/reg/
l:>end
l:>/usr/reg/
l:>end
l:>/usr/reg/
l:>end
l:>/usr/reg/
l:>end
l:>/usr/reg/
l:>end
l:>/usr/reg/
l:>end
l:>/usr/reg/
l:>end
l:>/usr/reg/
l:>end
l:>/usr/reg/
l:>end
l:>/usr/reg/
l:>end
l:>/usr/reg/
l:>end
l:>/usr/reg/
l:>end
l:>/usr/reg/
l:>end
l:>/usr/reg/
l:>end
l:>/usr/reg/
l:>end
l:>/usr/reg/
l:>end
l:>/usr/reg/
l:>end
l:>/usr/reg/
l:>end
l:>/usr/reg/
l:>end
l:>/usr/reg/
l:>end
l:>/usr/reg/
l:>end
l:>/usr/reg/
l:>end
l:>/usr/reg/
l:>/usr/reg/
l:>end
l:>/usr/reg/
l:>end
l:>/usr/reg/
l:>end
