l:>/
l:>end
l:>/favicon.ico
l:>end
l:>/favicon.ico
l:>end
l:>/
l:>end
l:>/
l:>end
l:>/
l:>end
l:>/
l:>end
l:>/usr/lst/
l:>end
l:>/usr/lst/
l:>end
l:>/usr/lst/1
l:>end
l:>/usr/lst/1/2
l:>end
l:>/usr/lst/1/2
l:>end
l:>/usr/lst/1/2
l:>end
l:>/usr/lst/1/1
l:>end
l:>/usr/lst/1/3
l:>end
l:>/usr/lst/1/3?a=sdf&b=asd
l:>end
l:>/usr/lst/1/3/?a=sdf&b=asd
l:>end
l:>/usr/lst/1/3/?a=sdf&b=asd
l:>end
l:>/usr/lst/1/3/?a=sdf&b=asd
l:>end
l:>/usr/lst/1/3/?a=sdf&b=asd
l:>end
l:>/reg/
l:>end
l:>/reg/
l:>end
l:>/reg/
l:>end
l:>/reg/
l:>end
l:>/reg/
l:>end
l:>/reg/
l:>end
l:>/reg/
l:>end
l:>/reg/
l:>end
l:>/reg/
l:>end
l:>/reg/
l:>end
l:>/reg/
l:>end
l:>/reg/
l:>end
l:>/reg/
l:>end
l:>/reg/
l:>end
l:>/reg/js/reg.js
l:>end
l:>/reg/
l:>end
l:>/reg/js/reg.js
l:>end
l:>/favicon.ico
l:>end
l:>/reg/js/reg.js
l:>end
l:>/reg/js/js/reg.js
l:>end
l:>/favicon.ico
l:>end
l:>/reg/
l:>end
l:>/reg/js/reg.js
l:>end
l:>/favicon.ico
l:>end
l:>/reg/
l:>end
l:>/reg/js/reg.js
l:>end
l:>/favicon.ico
l:>end
l:>/reg/
l:>end
l:>/reg/js/reg.js
l:>end
l:>/favicon.ico
l:>end
l:>/reg/js/reg.js
l:>end
l:>/reg/js/js/reg.js
l:>end
l:>/favicon.ico
l:>end
l:>/reg/js/reg.js
l:>end
l:>/tpl/web/js/reg.js
l:>end
l:>/favicon.ico
l:>end
l:>/reg/
l:>end
l:>/tpl/web/js/reg.js
l:>end
l:>/favicon.ico
l:>end
l:>/tpl/web/js/reg.js
l:>end
l:>/favicon.ico
l:>end
l:>/tpl/web/js/reg.js
l:>end
l:>/favicon.ico
l:>end
l:>/tpl/web/js/reg.js
l:>end
l:>/favicon.ico
l:>end
l:>/tpl/web/js/reg.js
l:>end
l:>/favicon.ico
l:>end
l:>/tpl/web/js/reg.js
l:>end
l:>/favicon.ico
l:>end
l:>/tpl/web/js/reg.js
l:>end
l:>/favicon.ico
l:>end
l:>/tpl/web/js/reg.js
l:>end
l:>/favicon.ico
l:>end
l:>/tpl/web/js/reg.js
l:>end
l:>/favicon.ico
l:>end
l:>/tpl/web/js/reg.js
l:>end
l:>/favicon.ico
l:>end
l:>/tpl/web/js/reg.js
l:>end
l:>/favicon.ico
l:>end
l:>/tpl/web/js/reg.js
l:>end
l:>/favicon.ico
l:>end
l:>/tpl/web/js/reg.js
l:>end
l:>/favicon.ico
l:>end
l:>/tpl/web/js/reg.js
l:>end
l:>/favicon.ico
l:>end
l:>/tpl/web/js/reg.js
l:>end
l:>/favicon.ico
l:>end
l:>/tpl/web/js/reg.js
l:>end
l:>/favicon.ico
l:>end
l:>/tpl/web/js/reg.js
l:>end
l:>/favicon.ico
l:>end
l:>/tpl/web/js/reg.js
l:>end
l:>/favicon.ico
l:>end
l:>/tpl/web/js/reg.js
l:>end
l:>/favicon.ico
l:>end
l:>/tpl/web/js/reg.js
l:>end
l:>/favicon.ico
l:>end
l:>/
l:>end
l:>/favicon.ico
l:>end
l:>/reg/
l:>end
l:>/tpl/web/js/reg.js
l:>end
l:>/favicon.ico
l:>end
l:>/reg
l:>end
l:>/reg
l:>end
l:>/reg
l:>end
l:>/reg
l:>end
l:>/reg
l:>end
l:>/reg
l:>end
l:>/reg
l:>end
l:>/reg
l:>end
l:>/reg
l:>end
l:>/reg
l:>end
l:>/reg
l:>end
l:>/reg
l:>end
l:>/reg
l:>end
l:>/reg
l:>end
l:>/reg
l:>end
l:>/reg
l:>end
l:>/reg
l:>end
l:>/reg
l:>end
l:>/getcode
l:>end
l:>/reg
l:>end
l:>/reg
l:>end
l:>/getcode
l:>end
l:>/reg
l:>end
l:>/reg
l:>end
l:>/getcode
l:>end
l:>/getcode
l:>end
l:>/reg
l:>end
l:>/getcode
l:>end
l:>/reg
l:>end
l:>/getcode
l:>end
l:>/getcode
l:>end
l:>/reg
l:>end
l:>/reg
l:>end
l:>/getcode
l:>end
l:>/reg
l:>end
l:>/reg
l:>end
l:>/reg
l:>end
l:>/getcode
l:>end
l:>/reg
l:>end
l:>/getcode
l:>end
l:>/reg
l:>end
l:>/getcode
l:>end
l:>/usr/getcode
l:>end
l:>/usr/getcode
l:>end
l:>/usr/getcode
l:>end
l:>/usr/getcode
l:>end
l:>/usr/getcode
l:>end
l:>/usr/getcode
l:>end
l:>/usr/getcode
l:>end
l:>/usr/getcode
l:>end
l:>/usr/getcode
l:>end
l:>/usr/getcode
l:>end
l:>/usr/getcode
l:>end
l:>/usr/getcode
l:>end
l:>/usr/getcode
l:>end
l:>/usr/getcode
l:>end
l:>/usr/getcode
l:>end
l:>/usr/getcode
l:>end
l:>/usr/getcode
l:>end
l:>/usr/getcode
l:>end
l:>/usr/getcode
l:>end
l:>/usr/getcode
l:>end
l:>/usr/getcode
l:>end
l:>/usr/getcode
l:>end
l:>/usr/getcode
l:>end
l:>/usr/getcode
l:>end
l:>/usr/getcode
l:>end
l:>/usr/getcode
l:>end
l:>/usr/getcode
l:>end
l:>/usr/getcode
l:>end
l:>/usr/getcode
l:>end
l:>/usr/getcode
l:>end
l:>/usr/getcode
l:>end
l:>/usr/getcode
l:>end
l:>/usr/getcode
l:>end
l:>/usr/getcode
l:>end
l:>/usr/getcode
l:>end
l:>/usr/getcode
l:>end
l:>/usr/getcode
l:>end
l:>/usr/getcode
l:>end
l:>/usr/getcode
l:>end
l:>/usr/getcode
l:>end
l:>/usr/getcode
l:>end
l:>/usr/getcode
l:>end
l:>/usr/getcode
l:>end
l:>/usr/getcode
l:>end
l:>/usr/getcode
l:>end
l:>/usr/getcode
l:>end
l:>/usr/getcode
l:>end
l:>/usr/getcode
l:>end
l:>/usr/getcode
l:>end
l:>/usr/getcode
l:>end
l:>/usr/getcode
l:>end
l:>/usr/getcode
l:>end
l:>/usr/getcode
l:>end
l:>/usr/getcode
l:>end
l:>/usr/getcode
l:>end
l:>/usr/getcode
l:>end
l:>/usr/getcode
l:>end
l:>/usr/getcode
l:>end
l:>/usr/getcode
l:>end
l:>/usr/getcode
l:>end
l:>/usr/getcode
l:>end
l:>/usr/getcode
l:>end
l:>/usr/getcode
l:>end
l:>/usr/getcode
l:>end
l:>/usr/getcode
l:>end
l:>/usr/getcode
l:>end
l:>/usr/getcode
l:>end
l:>/usr/getcode
l:>end
l:>/usr/getcode
l:>end
l:>/usr/getcode
l:>end
l:>/usr/getcode
l:>end
l:>/usr/getcode
l:>end
l:>/usr/getcode
l:>end
l:>/usr/getcode
l:>end
l:>/usr/getcode
l:>end
l:>/usr/getcode
l:>end
l:>/usr/getcode
l:>end
l:>/usr/getcode
l:>end
l:>/usr/getcode
l:>end
l:>/usr/getcode
l:>end
l:>/usr/getcode
l:>end
l:>/usr/getcode
l:>end
l:>/usr/getcode
l:>end
l:>/usr/getcode
l:>end
l:>/usr/getcode
l:>end
l:>/usr/getcode
l:>end
l:>/usr/getcode
l:>end
l:>/usr/getcode
l:>end
l:>/usr/getcode
l:>end
l:>/usr/getcode
l:>end
l:>/usr/getcode
l:>end
l:>/usr/getcode
l:>end
l:>/usr/getcode
l:>end
l:>/usr/getcode
l:>end
l:>/usr/getcode
l:>end
l:>/usr/getcode
l:>end
l:>/usr/getcode
l:>end
l:>/usr/getcode
l:>end
l:>/usr/getcode
l:>end
l:>/usr/getcode
l:>end
l:>/usr/getcode
l:>end
l:>/usr/getcode
l:>end
l:>/usr/getcode
l:>end
l:>/usr/getcode
l:>end
l:>/usr/getcode
l:>end
l:>/usr/getcode
l:>end
l:>/usr/getcode
l:>end
l:>/usr/getcode
l:>end
l:>/usr/getcode
l:>end
l:>/usr/getcode
l:>end
l:>/usr/getcode
l:>end
l:>/usr/getcode
l:>end
l:>/usr/getcode
l:>end
l:>/usr/getcode
l:>end
l:>/usr/getcode
l:>end
l:>/usr/getcode
l:>end
l:>/usr/getcode
l:>end
l:>/usr/getcode
l:>end
l:>/usr/getcode
l:>end
l:>/usr/getcode
l:>end
l:>/usr/getcode
l:>end
l:>/usr/getcode
l:>end
l:>/usr/getcode
l:>end
l:>/usr/getcode
l:>end
l:>/usr/getcode
l:>end
l:>/usr/getcode
l:>end
l:>/usr/getcode
l:>end
l:>/usr/getcode
l:>end
l:>/usr/getcode
l:>end
l:>/usr/getcode
l:>end
l:>/usr/getcode
l:>end
l:>/usr/getcode
l:>end
l:>/usr/getcode
l:>end
l:>/usr/getcode
l:>end
l:>/usr/getcode
l:>end
l:>/usr/getcode
l:>end
l:>/usr/getcode
l:>end
l:>/usr/getmsg
l:>end
l:>/usr/getmsg
l:>end
l:>/usr/getmsg
l:>end
l:>/usr/getmsg
l:>end
l:>/usr/getmsg
l:>end
l:>/usr/getmsg
l:>end
l:>/usr/getmsg
l:>end
l:>/usr/getmsg
l:>end
l:>/usr/getmsg
l:>end
l:>/usr/getmsg
l:>end
l:>/usr/getmsg
l:>end
l:>/usr/getmsg
l:>end
l:>/usr/getmsg
l:>end
l:>/usr/getmsg
l:>end
l:>/usr/getmsg
l:>end
l:>/usr/getmsg
l:>end
l:>/usr/getmsg
l:>end
l:>/usr/getmsg
l:>end
l:>/usr/getmsg
l:>end
l:>/usr/getmsg
l:>end
l:>/usr/getmsg
l:>end
l:>/usr/getmsg
l:>end
l:>/usr/getmsg
l:>end
l:>/usr/getmsg
l:>end
l:>/usr/getmsg
l:>end
l:>/usr/getmsg
l:>end
l:>/usr/getmsg
l:>end
l:>/usr/getmsg
l:>end
l:>/usr/getmsg
l:>end
l:>/usr/getmsg
l:>end
l:>/usr/getmsg
l:>end
l:>/usr/getmsg
l:>end
l:>/usr/getmsg
l:>end
l:>/usr/getmsg
l:>end
l:>/usr/getmsg
l:>end
l:>/usr/getmsg
l:>end
l:>/usr/getmsg
l:>end
l:>/usr/getmsg
l:>end
l:>/usr/getmsg
l:>end
l:>/usr/getmsg
l:>end
l:>/usr/getmsg
l:>end
l:>/usr/getmsg
l:>end
l:>/usr/getmsg
l:>end
l:>/usr/getmsg
l:>end
l:>/usr/getmsg
l:>end
l:>/usr/getmsg
l:>end
l:>/usr/getmsg
l:>end
l:>/usr/getmsg
l:>end
l:>/usr/getmsg
l:>end
l:>/usr/getmsg
l:>end
l:>/usr/getmsg
l:>end
l:>/usr/getmsg
l:>end
l:>/usr/getmsg
l:>end
l:>/usr/getcde
l:>end
l:>/usr/getcde
l:>end
l:>/usr/getcde
l:>end
l:>/usr/getcde
l:>end
l:>/usr/getcde
l:>end
l:>/usr/getcde
l:>end
l:>/usr/getcde
l:>end
l:>/usr/getcde
l:>end
l:>/usr/getcde
l:>end
l:>/usr/getcde
l:>end
l:>/usr/getcde
l:>end
l:>/usr/getcde
l:>end
l:>/usr/getcde
l:>end
l:>/usr/getcde
l:>end
l:>/usr/getcde
l:>end
l:>/usr/getcde
l:>end
l:>/usr/getcde
l:>end
l:>/usr/getcde
l:>end
l:>/usr/getcde
l:>end
l:>/usr/getcde
l:>end
l:>/usr/getcde
l:>end
l:>/usr/getcde
l:>end
l:>/usr/getcde
l:>end
l:>/usr/getcde
l:>end
l:>/usr/getcde
l:>end
l:>/usr/getcde
l:>end
l:>/usr/getcde
l:>end
l:>/usr/getcde
l:>end
l:>/usr/getcde
l:>end
l:>/usr/getcde
l:>end
l:>/usr/getcde
l:>end
l:>/usr/getcde
l:>end
l:>/usr/getcde
l:>end
l:>/usr/getcde
l:>end
l:>/usr/getcde
l:>end
l:>/usr/getcde
l:>end
l:>/usr/getcde
l:>end
l:>/usr/getcde
l:>end
l:>/usr/getcde
l:>end
l:>/usr/getcde
l:>end
l:>/usr/getcde
l:>end
l:>/usr/getcde
l:>end
l:>/usr/getcde
l:>end
l:>/usr/getcde
l:>end
l:>/usr/getcde
l:>end
l:>/usr/getcde
l:>end
l:>/usr/getcde
l:>end
l:>/usr/getcde
l:>end
l:>/usr/getcde
l:>end
l:>/usr/getcde
l:>end
l:>/usr/getcde
l:>end
l:>/usr/getcde
l:>end
l:>/usr/getcde
l:>end
l:>/usr/getcde
l:>end
l:>/usr/getcde
l:>end
l:>/usr/getcde
l:>end
l:>/usr/getcde
l:>end
l:>/usr/getcde
l:>end
l:>/usr/getcde
l:>end
l:>/usr/getcde
l:>end
l:>/usr/getcde
l:>end
l:>/usr/getcde
l:>end
l:>/usr/getcde
l:>end
l:>/usr/getcde
l:>end
l:>/usr/getcde
l:>end
l:>/usr/getcde
l:>end
l:>/usr/getcde
l:>end
l:>/usr/getcde
l:>end
l:>/usr/getcde
l:>end
l:>/usr/getcde
l:>end
l:>/usr/getcde
l:>end
l:>/usr/getcde
l:>end
l:>/usr/getcde
l:>end
l:>/usr/getcde
l:>end
l:>/usr/getcde
l:>end
l:>/usr/getcde
l:>end
l:>/usr/getcde
l:>end
l:>/usr/getcde
l:>end
l:>/usr/getcde
l:>end
l:>/usr/getcde
l:>end
l:>/usr/getcde
l:>end
l:>/usr/getcde
l:>end
l:>/usr/getcde
l:>end
l:>/usr/getcde
l:>end
l:>/usr/getcde
l:>end
l:>/usr/getcde
l:>end
l:>/usr/getcde
l:>end
l:>/usr/getcde
l:>end
l:>/usr/getcde
l:>end
l:>/usr/getcde
l:>end
l:>/usr/getcde
l:>end
l:>/usr/getcde
l:>end
l:>/usr/getcde
l:>end
l:>/usr/getcde
l:>end
l:>/usr/getcde
l:>end
l:>/usr/getcde
l:>end
l:>/usr/getcde
l:>end
l:>/usr/getcde
l:>end
l:>/usr/getcde
l:>end
l:>/usr/getcde
l:>end
l:>/usr/getcde
l:>end
l:>/usr/getcde
l:>end
l:>/usr/getcde
l:>end
l:>/usr/getcde
l:>end
