l:>07:02:58-/imlogingw/tcp60login?ver=8.13.13E&loginId=enaliint2973640541%40qq.com
l:>07:02:59-end
l:>07:03:04-/imlogingw/httplogin?ver=8.13.13E&loginId=enaliint2973640541%40qq.com
l:>07:03:04-end
l:>07:04:28-/imlogingw/tcp60login?ver=8.13.13E&loginId=enaliint2973640541%40qq.com
l:>07:04:28-end
l:>07:04:33-/imlogingw/httplogin?ver=8.13.13E&loginId=enaliint2973640541%40qq.com
l:>07:04:33-end
l:>07:05:19-/imlogingw/tcp60login?ver=8.13.13E&loginId=cntaobao%b2%dc%be%ea199312
l:>07:05:19-end
l:>07:05:24-/imlogingw/httplogin?ver=8.13.13E&loginId=cntaobao%b2%dc%be%ea199312
l:>07:05:24-end
l:>07:05:57-/imlogingw/tcp60login?ver=8.13.13E&loginId=enaliint2973640541%40qq.com
l:>07:05:57-end
l:>07:06:02-/imlogingw/httplogin?ver=8.13.13E&loginId=enaliint2973640541%40qq.com
l:>07:06:02-end
l:>07:06:48-/imlogingw/tcp60login?ver=8.13.13E&loginId=cntaobao%b2%dc%be%ea199312
l:>07:06:48-end
l:>07:06:53-/imlogingw/httplogin?ver=8.13.13E&loginId=cntaobao%b2%dc%be%ea199312
l:>07:06:53-end
l:>07:07:27-/imlogingw/tcp60login?ver=8.13.13E&loginId=enaliint2973640541%40qq.com
l:>07:07:27-end
l:>07:07:32-/imlogingw/httplogin?ver=8.13.13E&loginId=enaliint2973640541%40qq.com
l:>07:07:32-end
l:>07:08:17-/imlogingw/tcp60login?ver=8.13.13E&loginId=cntaobao%b2%dc%be%ea199312
l:>07:08:17-end
l:>07:08:22-/imlogingw/httplogin?ver=8.13.13E&loginId=cntaobao%b2%dc%be%ea199312
l:>07:08:22-end
l:>07:08:56-/imlogingw/tcp60login?ver=8.13.13E&loginId=enaliint2973640541%40qq.com
l:>07:08:56-end
l:>07:09:01-/imlogingw/httplogin?ver=8.13.13E&loginId=enaliint2973640541%40qq.com
l:>07:09:01-end
l:>07:09:46-/imlogingw/tcp60login?ver=8.13.13E&loginId=cntaobao%b2%dc%be%ea199312
l:>07:09:46-end
l:>07:09:51-/imlogingw/httplogin?ver=8.13.13E&loginId=cntaobao%b2%dc%be%ea199312
l:>07:09:51-end
l:>07:10:25-/imlogingw/tcp60login?ver=8.13.13E&loginId=enaliint2973640541%40qq.com
l:>07:10:25-end
l:>07:10:30-/imlogingw/httplogin?ver=8.13.13E&loginId=enaliint2973640541%40qq.com
l:>07:10:30-end
l:>07:11:15-/imlogingw/tcp60login?ver=8.13.13E&loginId=cntaobao%b2%dc%be%ea199312
l:>07:11:15-end
l:>07:11:20-/imlogingw/httplogin?ver=8.13.13E&loginId=cntaobao%b2%dc%be%ea199312
l:>07:11:20-end
l:>07:11:54-/imlogingw/tcp60login?ver=8.13.13E&loginId=enaliint2973640541%40qq.com
l:>07:11:54-end
l:>07:11:59-/imlogingw/httplogin?ver=8.13.13E&loginId=enaliint2973640541%40qq.com
l:>07:11:59-end
