l:>07:48:54-/
l:>07:48:54-end
l:>07:48:58-/reg/
l:>07:48:58-end
l:>07:49:43-/news/
l:>07:49:44-end
l:>07:53:09-/news/
l:>07:53:09-end
l:>07:53:42-/news/
l:>07:53:42-end
l:>07:53:56-/news/
l:>07:53:56-end
l:>07:54:25-/news/
l:>07:54:25-end
l:>07:55:19-/news/
l:>07:55:19-end
l:>07:55:34-/news/
l:>07:55:34-end
l:>07:55:42-/news/
l:>07:55:42-end
l:>07:56:26-/news/1
l:>07:56:26-end
l:>07:56:37-/news/lst/1
l:>07:56:37-end
l:>07:56:55-/news/lists/1
l:>07:56:55-end
l:>07:57:23-/news/lists/1
l:>07:57:23-end
l:>07:57:33-/news/lists/1
l:>07:57:33-end
l:>07:58:28-/news/lists/1
l:>07:58:28-end
l:>07:58:44-/news/lists/1
l:>07:58:44-end
l:>07:58:49-/news/lists/1
l:>07:58:49-end
l:>07:58:54-/news/lists/1
l:>07:58:54-end
l:>07:58:54-/news/lists/1
l:>07:58:54-end
l:>07:59:12-/news/lists/1
l:>07:59:12-end
l:>07:59:40-/news/lists/1
l:>07:59:40-end
l:>08:00:17-/news/lists/1
l:>08:00:17-end
l:>08:00:27-/news/lists/1
l:>08:00:27-end
l:>08:00:36-/news/lists/
l:>08:00:36-end
l:>08:01:28-/news/
l:>08:01:28-end
l:>08:01:45-/news/1
l:>08:01:45-end
l:>08:08:46-/news/1
l:>08:08:46-end
l:>08:08:55-/news/1
l:>08:08:55-end
l:>08:09:09-/news/1
l:>08:09:09-end
l:>08:09:10-/news/1
l:>08:09:10-end
l:>08:09:25-/news/1
l:>08:09:25-end
l:>08:11:01-/news/1
l:>08:11:01-end
l:>08:18:31-/news/1
l:>08:18:31-end
l:>08:20:26-/news/commit/1/2
l:>08:20:26-end
l:>08:20:37-/news/commit/1/2
l:>08:20:37-end
l:>08:21:07-/news/commit/1/2
l:>08:21:07-end
l:>08:22:20-/news/commit/1/2
l:>08:22:20-end
l:>08:22:31-/news/commit/1/2
l:>08:22:31-end
l:>08:22:57-/news/commit/1/1
l:>08:22:57-end
l:>08:36:28-/news/commit/1/1
l:>08:36:28-end
l:>08:36:31-/news/commit/1/1
l:>08:36:31-end
l:>08:40:51-/news/commit/2
l:>08:40:51-end
l:>08:41:34-/news/commit/2
l:>08:41:34-end
l:>08:41:38-/news/commit/1/
l:>08:41:38-end
l:>08:41:43-/news/commit/1/4
l:>08:41:43-end
l:>08:41:45-/news/commit/1/12
l:>08:41:45-end
l:>08:41:49-/news/commit/1/999
l:>08:41:49-end
l:>08:41:54-/news/commit/1/12
l:>08:41:54-end
l:>08:41:58-/news/commit/1/6
l:>08:41:59-end
l:>08:50:16-/news/commit/1/6
l:>08:50:16-end
