l:>/index/index/
l:>end
l:>/index/index/
l:>end
l:>/index/index/
l:>end
l:>/index/index/
l:>end
l:>/index/index/
l:>end
l:>/index/index/
l:>end
l:>/index/index/
l:>end
l:>/index/index/
l:>end
l:>/index/index/
l:>end
l:>/index/index/
l:>end
l:>/index/index/
l:>end
l:>/index/index/
l:>end
l:>/index/index/
l:>end
l:>/index/index/
l:>end
l:>/index/index/
l:>end
l:>/index/index/
l:>end
l:>/index/index/
l:>end
l:>/index/index/
l:>end
l:>/index/index/
l:>end
l:>/index/index/
l:>end
l:>/index/index/
l:>end
l:>/index/index/
l:>end
l:>/index/index/
l:>end
l:>/index/index/
l:>end
l:>/index/index/
l:>end
l:>/index/index/
l:>end
l:>/index/index/
l:>end
l:>/index/index/a/1/b/2
l:>end
l:>/index/index/a/1/b/2//
l:>end
l:>/index/index/a/1/b/2/////
l:>end
l:>/index/index/a/1/b/2.html
l:>end
l:>/index/index/a/1/b/2.html
l:>end
l:>/index/index/a/1/b/2.html
l:>end
