l:>06:18:45-/MFEwTzBNMEswSTAJBgUrDgMCGgUABBS56bKHAoUD%2BOyl%2B0LhPg9JxyQm4gQUf9Nlp8Ld7LvwMAnzQzn6Aq8zMTMCEFIA5aolVvwahu2WydRLM8c%3D
l:>06:18:48-end
l:>06:18:49-/
l:>06:18:49-end
l:>09:41:47-/singletile/summary/alias/experiencebyname/today?market=en-US&tenant=amp&vertical=sports
l:>09:41:48-end
l:>13:10:33-/imlogingw/tcp60login?ver=8.13.13E&loginId=enaliint2973640541%40qq.com
l:>13:10:34-end
l:>13:10:39-/imlogingw/httplogin?ver=8.13.13E&loginId=enaliint2973640541%40qq.com
l:>13:10:39-end
l:>13:12:04-/imlogingw/tcp60login?ver=8.13.13E&loginId=enaliint2973640541%40qq.com
l:>13:12:04-end
l:>13:12:09-/imlogingw/httplogin?ver=8.13.13E&loginId=enaliint2973640541%40qq.com
l:>13:12:09-end
l:>13:13:33-/imlogingw/tcp60login?ver=8.13.13E&loginId=enaliint2973640541%40qq.com
l:>13:13:33-end
l:>13:13:38-/imlogingw/httplogin?ver=8.13.13E&loginId=enaliint2973640541%40qq.com
l:>13:13:38-end
l:>13:15:02-/imlogingw/tcp60login?ver=8.13.13E&loginId=enaliint2973640541%40qq.com
l:>13:15:02-end
l:>13:15:07-/imlogingw/httplogin?ver=8.13.13E&loginId=enaliint2973640541%40qq.com
l:>13:15:07-end
l:>13:16:31-/imlogingw/tcp60login?ver=8.13.13E&loginId=enaliint2973640541%40qq.com
l:>13:16:31-end
l:>13:16:36-/imlogingw/httplogin?ver=8.13.13E&loginId=enaliint2973640541%40qq.com
l:>13:16:36-end
l:>13:18:00-/imlogingw/tcp60login?ver=8.13.13E&loginId=enaliint2973640541%40qq.com
l:>13:18:01-end
l:>13:18:06-/imlogingw/httplogin?ver=8.13.13E&loginId=enaliint2973640541%40qq.com
l:>13:18:06-end
l:>13:19:30-/imlogingw/tcp60login?ver=8.13.13E&loginId=enaliint2973640541%40qq.com
l:>13:19:30-end
l:>13:19:35-/imlogingw/httplogin?ver=8.13.13E&loginId=enaliint2973640541%40qq.com
l:>13:19:35-end
l:>13:20:59-/imlogingw/tcp60login?ver=8.13.13E&loginId=enaliint2973640541%40qq.com
l:>13:20:59-end
l:>13:21:04-/imlogingw/httplogin?ver=8.13.13E&loginId=enaliint2973640541%40qq.com
l:>13:21:04-end
