l:>/usr/inf/2/
l:>end
l:>/favicon.ico
l:>end
l:>/favicon.ico
l:>end
l:>/usr/inf/2/
l:>/favicon.ico
l:>end
l:>end
l:>/favicon.ico
l:>end
l:>/usr/reg/
l:>end
l:>/usr/inf/2/
l:>end
l:>/usr/inf/2/
l:>end
l:>/usr/inf/2/
l:>end
l:>/usr/inf/2/
l:>end
l:>/usr/inf/2/
l:>end
l:>/usr/inf/2/
l:>end
l:>/usr/inf/2/
l:>end
l:>/usr/inf/2/
l:>end
l:>/usr/inf/2/
l:>end
l:>/usr/inf/2/
l:>end
l:>/usr/inf/2/
l:>end
l:>/usr/inf/2/
l:>end
l:>/usr/inf/2/
l:>end
l:>/usr/inf/2/
l:>end
l:>/usr/inf/2/
l:>end
l:>/usr/inf/2/
l:>end
l:>/usr/inf/2/
l:>end
l:>/usr/inf/2/
l:>end
l:>/usr/inf/2/
l:>end
l:>/usr/inf/2/
l:>end
l:>/usr/inf/2/
l:>end
l:>/usr/inf/2/
l:>end
l:>/usr/inf/2/
l:>end
l:>/usr/inf/2/
l:>end
l:>/usr/inf/2/
l:>end
l:>/usr/inf/2/
l:>end
l:>/usr/inf/2/
l:>end
l:>/usr/inf/2/
l:>end
l:>/usr/inf/2/
l:>end
l:>/usr/inf/2/
l:>end
l:>/usr/inf/2/
l:>end
l:>/usr/inf/2/
l:>end
l:>/usr/inf/2/
l:>end
l:>/usr/inf/2/
l:>end
l:>/usr/inf/2/
l:>end
l:>/usr/inf/2/
l:>end
l:>/usr/inf/2/
l:>end
l:>/usr/inf/2/
l:>end
l:>/usr/inf/2/
l:>end
l:>/usr/inf/2/
l:>end
l:>/usr/inf/2/
l:>end
l:>/usr/inf/2/
l:>end
l:>/usr/inf/2/
l:>end
l:>/usr/inf/2/
l:>end
l:>/usr/inf/2/
l:>end
l:>/usr/reg
l:>end
l:>/usr/reg
l:>/usr/reg
l:>end
