l:>/reg/
l:>end
l:>/reg/
l:>end
l:>/reg/
l:>end
l:>/reg/
l:>end
l:>/reg/
l:>end
l:>/reg/
l:>end
l:>/reg/
l:>end
l:>/register?mobile=&password=&password_repeat=
l:>end
l:>/register?mobile=&password=&password_repeat=
l:>end
l:>/reg/
l:>end
l:>/register
l:>end
l:>/reg/
l:>end
l:>/reg/
l:>end
l:>/register
l:>end
l:>/register
l:>end
l:>/reg/
l:>end
l:>/register
l:>end
l:>/register
l:>end
l:>/register
l:>end
l:>/usr/register
l:>end
l:>/reg/
l:>end
l:>/usr/register
l:>end
l:>/usr/register
l:>end
l:>/usr/register
l:>end
l:>/usr/register
l:>end
l:>/log/
l:>end
l:>/log/
l:>end
l:>/reg/
l:>end
l:>/reg/
l:>/reg/
l:>end
l:>/log/
l:>end
l:>/reg/
l:>end
l:>/usr/register
l:>end
l:>/log/
l:>end
l:>/reg/
l:>end
l:>/usr/register
l:>end
l:>/usr/register
l:>end
l:>/usr/register
l:>end
l:>/usr/register
l:>end
l:>/usr/register
l:>end
l:>/reg
l:>end
l:>/usr/register
l:>end
l:>/usr/register
l:>end
l:>/log/
l:>end
l:>/reg
l:>end
l:>/usr/register
l:>end
l:>/log/
l:>end
l:>/reg
l:>end
l:>/usr/register
l:>end
l:>/reg
l:>end
l:>/usr/register
l:>end
l:>/usr/register
l:>end
l:>/reg
l:>end
