l:>/index/index/a/1/b/2.html
l:>end
l:>/index/index/a/1/b/2.html
l:>end
l:>/reg/index/a/1/b/2.html
l:>end
l:>/reg/
l:>end
l:>/usr/reg/
l:>end
l:>/usr/reg/
l:>end
l:>/usr/reg/
l:>end
l:>/usr/inf/
l:>/usr/inf/
l:>/usr/inf/
l:>end
l:>/usr/inf/
l:>end
l:>/usr/inf/
l:>end
l:>/usr/inf/
l:>end
l:>/usr/inf/
l:>end
l:>/usr/inf/
l:>end
l:>/usr/inf/
l:>end
l:>/usr/inf/
l:>end
l:>/usr/inf/
l:>end
l:>/usr/inf/
l:>end
l:>/usr/inf/
l:>end
l:>/usr/inf/
l:>end
l:>/usr/inf/
l:>end
l:>/usr/inf/
l:>end
l:>/usr/inf/
l:>end
l:>/usr/inf/
l:>end
l:>/usr/inf/
l:>/usr/inf/
l:>end
l:>/usr/inf/
l:>end
l:>/usr/inf/
l:>end
l:>/usr/inf/
l:>end
l:>/usr/inf/
l:>end
l:>/usr/inf/
l:>end
l:>/usr/inf/
l:>end
l:>/usr/inf/
l:>end
l:>/usr/inf/
l:>end
l:>/usr/inf/
l:>end
