l:>/usr
l:>/usr/
l:>/
l:>end
l:>/web/usr/
l:>/web/usr/
l:>/web/usr/
l:>/
l:>end
l:>/usr/
l:>/usr/
l:>/usr/
l:>/log/
l:>end
l:>/log/
l:>end
l:>/usr/
l:>/usr/
l:>/usr/
l:>/usr/
l:>/usr/
l:>/usr/
l:>/usr/
l:>/usr/
l:>/usr/
l:>/usr/
l:>/usr/
l:>/usr/
l:>/usr/
l:>/usr/
l:>/usr/
l:>/usr/
l:>/usr/
l:>/usr/
l:>/usr/
l:>/usr/
l:>/usr/
l:>/usr/
l:>/usr/
l:>/usr/
l:>/usr/
l:>/usr/
l:>/usr/
l:>/usr/
l:>/usr/
l:>/usr/
l:>/usr/
l:>/usr/
l:>/usr/
l:>/usr/
l:>/usr/
l:>/usr/
l:>/usr/
l:>/usr/
l:>/usr/
l:>end
l:>/usr/
l:>end
l:>/usr/
l:>end
l:>/usr/
l:>end
l:>/usr/
l:>end
l:>/usr/
l:>end
l:>/usr/
l:>end
l:>/usr/
l:>end
l:>/usr/
l:>end
l:>/usr/
l:>end
l:>/usr/index/
l:>end
l:>/usr/log/
l:>end
l:>/usr/lst/
l:>end
l:>/usr/lst/
l:>end
l:>/usr/lst/
l:>end
l:>/usr/lst/
l:>end
l:>/usr/lst/
l:>end
l:>/usr/lst/
l:>end
l:>/usr/lst/
l:>end
l:>/usr/lst/
l:>end
l:>/usr/lst/
l:>end
l:>/usr/lst/
l:>end
l:>/usr/lst/
l:>end
l:>/usr/lst/
l:>end
l:>/usr/lst/
l:>end
l:>/usr/lst/
l:>end
l:>/usr/lst/
l:>end
l:>/usr/lst/
l:>end
l:>/log/
l:>end
l:>/usr/login
l:>end
l:>/log/
l:>end
l:>/usr/login
l:>end
l:>/usr/login
l:>end
l:>/usr/login
l:>end
l:>/usr/login/1
l:>end
l:>/usr/login/1/2
l:>end
l:>/usr/login/1/2/3
l:>end
l:>/usr/login/1/2/3
l:>end
l:>/usr/login/1/2/3
l:>end
l:>/usr/login/1/2/3/4
l:>end
l:>/usr/login
l:>end
l:>/log/
l:>end
l:>/log/
l:>end
l:>/log/
l:>end
l:>/log/
l:>end
l:>/usr/login
l:>end
l:>/log/
l:>end
l:>/usr/login
l:>end
l:>/usr/login
l:>end
l:>/usr/login
l:>end
l:>/usr/login
l:>end
l:>/usr/login
l:>end
l:>/usr/login
l:>end
l:>/usr/login
l:>end
l:>/usr/login
l:>end
l:>/usr/login
l:>end
l:>/usr/login
l:>end
l:>/usr/login
l:>end
l:>/usr/login
l:>end
l:>/usr/login
l:>end
l:>/log/
l:>end
l:>/usr/login
l:>end
l:>/usr/login
l:>end
l:>/usr/login
l:>/usr/login
l:>/usr/login
l:>/usr/login
l:>/usr/login
l:>/usr/login
l:>/usr/login
l:>/usr/login
l:>/log/
l:>end
l:>/usr/login
l:>/usr/login
l:>/usr/login
l:>/usr/log
l:>/usr/log
l:>/log/
l:>end
l:>/usr/log/
l:>/usr/log/
l:>end
l:>/usr/log/
l:>/usr/reg/
l:>/usr/reg/
l:>/usr/reg/
l:>/usr/reg/
l:>/usr/reg/
l:>/usr/reg/
l:>/usr/reg/
l:>/usr/reg/
l:>/usr/log/
l:>/usr/log/
l:>/usr/log/
l:>/usr/log/
l:>/usr/log/
l:>/usr/log/
l:>/usr/log/
l:>/usr/log/
l:>/usr/log/
l:>/usr/log/
l:>/usr/log/
l:>/usr/log/
l:>/usr/log/
l:>/usr/log/
l:>/usr/log/
l:>/usr/log/
l:>/usr/log/
l:>/usr/log/
l:>/usr/log/
l:>/usr/log/
l:>/usr/log/
l:>end
l:>/usr/log/
l:>/usr/log/
l:>end
l:>/usr/log/
l:>end
l:>/usr/login
l:>end
l:>/usr/login
l:>end
l:>/usr/login
l:>end
l:>/usr/login
l:>end
l:>/usr/login
l:>end
l:>/usr/login
l:>end
l:>/usr/login
l:>end
l:>/usr/login
l:>end
l:>/usr/login
l:>end
l:>/usr/login
l:>end
l:>/usr/login
l:>end
l:>/usr/login
l:>end
l:>/usr/login
l:>end
l:>/usr/login
l:>end
l:>/log/
l:>end
l:>/usr/login
l:>end
l:>/usr/login
l:>end
l:>/usr/login
l:>end
l:>/usr/login
l:>end
l:>/usr/login
l:>end
l:>/usr/login
l:>end
l:>/usr/login
l:>end
l:>/usr/login
l:>end
l:>/usr/login
l:>end
l:>/usr/login
l:>end
l:>/usr/login
l:>end
l:>/usr/login
l:>end
l:>/usr/login
l:>end
l:>/usr/login
l:>end
l:>/log/
l:>end
l:>/usr/login
l:>end
l:>/usr/login
l:>end
