l:>07:16:25-/
l:>07:16:25-end
l:>07:16:29-/log/
l:>07:16:29-end
l:>07:16:38-/reg/
l:>07:16:38-end
l:>07:23:53-/nws/
l:>07:23:53-end
l:>07:23:57-/news/
l:>07:23:57-end
l:>07:24:09-/news/1
l:>07:24:09-end
l:>07:26:30-/news/1
l:>07:26:30-end
l:>07:56:49-/news/1
l:>07:56:49-end
l:>07:56:50-/news/1
l:>07:56:50-end
l:>07:56:51-/news/1
l:>07:56:51-end
l:>07:56:52-/news/1
l:>07:56:52-end
l:>07:57:26-/news/1
l:>07:57:26-end
l:>08:48:38-/news/list
l:>08:48:38-end
l:>08:49:37-/news/list/1
l:>08:49:37-end
l:>08:49:59-/news/list
l:>08:49:59-end
l:>08:50:20-/news/list
l:>08:50:20-end
l:>08:50:20-/news/list
l:>08:50:20-end
l:>08:50:20-/news/list
l:>08:50:20-end
l:>08:50:21-/news/list
l:>08:50:21-end
l:>08:50:35-/news/list
l:>08:50:35-end
l:>08:51:12-/news/listxxx
l:>08:51:12-end
l:>08:53:31-/news/listxxx
l:>08:53:31-end
l:>08:53:33-/news/listxxx
l:>08:53:33-end
l:>08:53:33-/news/listxxx
l:>08:53:33-end
l:>08:53:34-/news/listxxx
l:>08:53:34-end
l:>08:53:34-/news/listxxx
l:>08:53:34-end
l:>08:53:38-/news/listxxx
l:>08:53:38-end
l:>08:53:38-/news/listxxx
l:>08:53:38-end
l:>08:53:39-/news/listxxx
l:>08:53:39-end
l:>08:53:39-/news/listxxx
l:>08:53:39-end
l:>08:54:20-/news/listxxx
l:>08:54:20-end
l:>08:54:20-/news/listxxx
l:>08:54:20-end
l:>08:54:21-/news/listxxx
l:>08:54:21-end
l:>08:54:31-/news/listxxx/2
l:>08:54:31-end
l:>08:55:14-/news/listxxx/2
l:>08:55:15-end
l:>08:55:25-/news/listxxx/2
l:>08:55:25-end
l:>08:55:25-/news/listxxx/2
l:>08:55:25-end
l:>08:55:25-/news/listxxx/2
l:>08:55:25-end
l:>08:55:26-/news/listxxx/2
l:>08:55:26-end
l:>08:55:41-/news/listxxx/2
l:>08:55:41-end
l:>08:55:41-/news/listxxx/2
l:>08:55:41-end
l:>08:55:42-/news/listxxx/2
l:>08:55:42-end
l:>08:55:42-/news/listxxx/2
l:>08:55:42-end
l:>08:55:42-/news/listxxx/2
l:>08:55:42-end
l:>08:55:42-/news/listxxx/2
l:>08:55:42-end
l:>08:55:42-/news/listxxx/2
l:>08:55:42-end
l:>08:56:14-/news/listxxx/2
l:>08:56:14-end
l:>08:56:14-/news/listxxx/2
l:>08:56:14-end
l:>08:56:15-/news/listxxx/2
l:>08:56:15-end
l:>08:56:40-/news/listxxx/2
l:>08:56:40-end
l:>08:56:41-/news/listxxx/2
l:>08:56:41-end
l:>08:56:41-/news/listxxx/2
l:>08:56:41-end
l:>08:56:41-/news/listxxx/2
l:>08:56:41-end
l:>08:56:50-/news/listxxx/2
l:>08:56:50-end
l:>08:56:54-/news/listx/2
l:>08:56:54-end
l:>08:57:03-/news/list/2
l:>08:57:03-end
l:>08:58:46-/news/lists/2
l:>08:58:46-end
l:>08:59:08-/news/lists/2
l:>08:59:08-end
l:>08:59:38-/news/lists/2
l:>08:59:38-end
l:>08:59:39-/news/lists/2
l:>08:59:39-end
l:>08:59:39-/news/lists/2
l:>08:59:39-end
l:>08:59:40-/news/lists/2
l:>08:59:40-end
l:>08:59:40-/news/lists/2
l:>08:59:40-end
l:>09:00:48-/news/lists/2
l:>09:00:48-end
l:>09:01:30-/news/lists/2
l:>09:01:30-end
l:>09:01:39-/news/lists/2
l:>09:01:39-end
l:>09:01:39-/news/lists/2
l:>09:01:39-end
l:>09:01:39-/news/lists/2
l:>09:01:39-end
l:>09:01:40-/news/lists/2
l:>09:01:40-end
l:>09:01:44-/news/lists/1
l:>09:01:44-end
l:>09:01:47-/news/lists/2
l:>09:01:47-end
l:>09:01:50-/news/lists/3
l:>09:01:50-end
l:>09:03:36-/news/lists/3
l:>09:03:36-end
l:>09:04:23-/news/lists/3
l:>09:04:23-end
l:>09:04:34-/news/lists/3
l:>09:04:34-end
l:>09:04:49-/news/lists/
l:>09:04:49-end
l:>09:05:03-/news/lists/0
l:>09:05:03-end
l:>09:05:42-/news/lists/0/1
l:>09:05:42-end
l:>09:05:57-/news/lists/0/1
l:>09:05:57-end
l:>09:06:10-/news/lists/0/1
l:>09:06:10-end
l:>09:06:13-/news/lists/0
l:>09:06:13-end
l:>09:06:29-/news/lists/0
l:>09:06:29-end
l:>09:06:29-/news/lists/0
l:>09:06:29-end
l:>09:06:30-/news/lists/0
l:>09:06:30-end
l:>09:06:30-/news/lists/0
l:>09:06:30-end
l:>09:06:30-/news/lists/0
l:>09:06:30-end
l:>09:06:52-/news/lists/0
l:>09:06:52-end
l:>09:06:54-/news/lists/1
l:>09:06:54-end
l:>09:06:59-/news/lists/0/1
l:>09:06:59-end
l:>09:08:55-/news/lists/0/1
l:>09:08:55-end
l:>09:09:13-/news/lists/0/1
l:>09:09:13-end
l:>09:10:03-/news/lists/0/1
l:>09:10:03-end
l:>09:10:33-/news/lists/0/1
l:>09:10:33-end
l:>09:11:06-/news/lists/0/1
l:>09:11:06-end
l:>09:11:08-/news/lists/0/1
l:>09:11:08-end
l:>09:11:21-/news/lists/0/1
l:>09:11:21-end
l:>09:11:22-/news/lists/0/1
l:>09:11:22-end
l:>09:11:22-/news/lists/0/1
l:>09:11:22-end
l:>09:11:32-/news/lists/0/1
l:>09:11:32-end
l:>09:11:52-/news/lists/0/1
l:>09:11:52-end
l:>09:12:48-/news/lists/0/1
l:>09:12:48-end
l:>09:12:49-/news/lists/0/1
l:>09:12:49-end
l:>09:13:27-/news/lists/0/1
l:>09:13:36-/news/lists/0/1
l:>09:13:39-/news/lists/0/1
l:>09:13:56-/news/lists/0/1
l:>09:13:56-/news/lists/0/1
l:>09:14:17-/
l:>09:14:46-/
l:>09:15:06-/
l:>09:15:50-/
l:>09:15:54-/news/lists/0/1
l:>09:17:31-/news/lists/0/1
l:>09:18:01-/news/lists/0/1
l:>09:18:01-end
l:>09:18:41-/news/lists/0/1
l:>09:19:13-/news/lists/0/1
l:>09:19:34-/news/lists/0/1
l:>09:19:34-end
l:>09:19:35-/news/lists/0/1
l:>09:19:35-end
l:>09:19:35-/news/lists/0/1
l:>09:19:35-end
l:>09:19:35-/news/lists/0/1
l:>09:19:35-end
l:>09:19:39-/news/lists/0/1///
l:>09:19:39-end
l:>09:19:43-/news/lists//1///
l:>09:19:43-end
l:>09:19:49-/news/lists//0/1///
l:>09:19:49-end
l:>09:20:10-/news/lists//0/2
l:>09:20:10-end
l:>09:20:18-/news/lists/2/1
l:>09:20:18-end
l:>09:21:51-/news/lists/2/1
l:>09:21:51-end
l:>09:22:21-/news/lists/2/1
l:>09:22:21-end
l:>09:22:25-/news/lists/3/1
l:>09:22:25-end
l:>09:22:27-/news/lists/3/4
l:>09:22:27-end
l:>09:22:29-/news/lists/3/6
l:>09:22:29-end
l:>09:22:34-/news/lists/6/6
l:>09:22:34-end
l:>09:22:37-/news/lists/4/6
l:>09:22:37-end
l:>09:22:52-/news/lists////4/6
l:>09:22:52-end
l:>09:22:55-/news/lists////4/6////
l:>09:22:55-end
l:>09:24:10-/news/lists////4/6/7/8/9/10
l:>09:24:10-end
l:>09:24:21-/news/lists/0/6/7/8/9/10
l:>09:24:21-end
l:>09:24:26-/news/lists/0/6/7/8/9/10
l:>09:24:26-end
l:>09:24:27-/news/lists/0/6/7/8/9/10
l:>09:24:27-end
l:>09:24:38-/news/lists/0/6/7/8/9/10
l:>09:24:38-end
l:>09:24:46-/news/lists/0/1/7/8/9/10
l:>09:24:46-end
l:>09:24:52-/news/lists/1/1/7/8/9/10
l:>09:24:52-end
l:>09:25:00-/news/lists/1/1/7/20/
l:>09:25:00-end
l:>09:25:14-/news/lists/1/1/7/20/a/html
l:>09:25:14-end
l:>09:25:22-/news/lists/1/1/7/20/a/html
l:>09:25:22-end
l:>09:25:26-/news/lists/1/1/7/20/a/html/
l:>09:25:26-end
l:>09:28:07-/news/lists/1/1/7/20/a/html/
l:>09:28:07-end
l:>09:28:13-/news/index
l:>09:28:13-end
l:>09:28:22-/news/index
l:>09:28:22-end
l:>09:28:32-/news/index
l:>09:28:32-end
l:>09:29:04-/news/index
l:>09:29:04-end
