l:>/
l:>/
l:>end
l:>/
l:>end
l:>/
l:>end
l:>/index/index/a/1/b/2.html
l:>end
l:>/index/index/a/1/b/2.html
l:>end
l:>/index/index/index/a/1/b/2.html
l:>end
l:>/index/index/index/a/1/b/2.html
l:>end
l:>/index/index/index/a/1/b/2.html
l:>end
l:>/index/index/index/a/1/b/2/c/3.html
l:>end
l:>/index/index/index/a/1/b/2/c/3156846.html
l:>end
l:>/index/index/index/a/1/b/2/c/3156846.html
l:>end
l:>/index/index/index/a/1/b/2/c/3156846.html
l:>end
l:>/index/index/index/a/1/b/2/c/3156846.html
l:>end
l:>/index/index/index/a/1/b/2/c/3156846.html
l:>end
l:>/index/index/index/a/1/b/2/c/3156846.html
l:>end
l:>/index/index/index/a/1/b/2/c/3156846.html
l:>end
l:>/index/index/index/a/1/b/2/c/3156846.html
l:>end
l:>/index/index/index/a/1/b/2/c/3156846.html
l:>end
l:>/index/index/index/a/1/b/2/c/3156846.html
l:>end
l:>/index/index/index/a/1/b/2/c/3156846.html
l:>end
l:>/index/index/index/a/1/b/2/c/3156846.html
l:>end
l:>/index/index/index/a/1/b/2/c/3156846.html
l:>end
l:>/index/index/index/a/1/b/2/c/3156846.html
l:>end
l:>/index/index/index/a/1/b/2/c/3156846.html
l:>end
l:>/index/index/index/a/1/b/2/c/3156846.html
l:>end
l:>/index/index/index/a/1/b/2/c/3156846.html
l:>end
l:>/index/index/index/a/1/b/2/c/3156846.html
l:>end
l:>/index/index/index/a/1/b/2/c/3156846.html
l:>end
l:>/index/index/index/a/1/b/2/c/3156846.html
l:>end
l:>/index/index/index/a/1/b/2/c/3156846.html
l:>end
l:>/index/index/index/a/1/b/2/c/3156846.html
l:>end
l:>/index/index/index/a/1/b/2/c/3156846.html
l:>end
l:>end
l:>end
l:>end
l:>/index/index/index/a/1/b/2/c/3156846.html
l:>end
l:>/index/index/index/a/1/b/2/c/3156846.html
l:>end
l:>/index/index/index/a/1/b/2/c/3156846.html
l:>end
l:>/x/index/index/a/1/b/2/c/3156846.html
l:>end
l:>/x/x/x/a/1/b/2/c/3156846.html
l:>end
l:>/x/x/x/a/1/b/2/c/3156846.html
l:>end
l:>/x/x/x/a/1/b/2/c/3156846.html
l:>end
l:>/x/y/z/a/1/b/2/c/3156846.html
l:>end
l:>/index/y/z/a/1/b/2/c/3156846.html
l:>end
l:>/y/z/a/1/b/2/c/3156846.html
l:>end
l:>/y/z/a/1/b/2/c/3156846.html
l:>end
l:>/y/z/a/1/b/2/c/3156846.html
l:>end
l:>/y/z/a/1/b/2/c/3156846.html
l:>end
l:>/y/z/a/1/b/2/c/3156846.html
l:>end
l:>/y/z/a/1/b/2/c/3156846.html
l:>end
l:>/y/z/a/1/b/2/c/3156846.html
l:>end
l:>/y/z/a/1/b/2/c/3156846.html
l:>end
l:>/y/z/a/1/b/2/c/3156846.html
l:>end
l:>end
l:>/y/z/a/1/b/2/c/3156846.html
l:>end
l:>/y/z/a/1/b/2/c/3156846.html
l:>end
l:>/y/z/a/1/b/2/c/3156846.html
l:>end
