l:>/reg/
l:>end
l:>/index/reg
l:>end
l:>/index/reg
l:>end
l:>/index/reg
l:>end
l:>/index/reg
l:>end
l:>/index/reg
l:>end
l:>/index/reg
l:>end
l:>/index
l:>end
l:>/reg
l:>end
l:>/reg.php
l:>end
l:>/reg
l:>end
l:>/log/
l:>end
l:>/log/
l:>end
l:>/log/
l:>/log/
l:>end
l:>/log/
l:>end
l:>/log/
l:>end
l:>/log/
l:>end
l:>/log/
l:>/log/
l:>end
l:>/reg/
l:>end
l:>/reg
l:>end
l:>/reg
l:>/reg
l:>end
l:>/reg/1/2/3
l:>end
l:>/reg/1/2/3
l:>end
l:>/reg/1/2/3
l:>end
l:>/reg/1/2/3
l:>end
l:>/reg/1/2/3
l:>end
l:>/reg/1/2/3
l:>end
l:>/reg/1/2/3
l:>end
l:>/reg/1/2/3
l:>end
l:>/reg/1/2/3
l:>/reg/1/2/3
l:>end
l:>/reg/1/2/3
l:>end
l:>/reg/1/2/3
l:>end
l:>/reg/1/2/3
l:>end
l:>/reg/1/2/3
l:>end
l:>/reg/1/2/3
l:>end
l:>/reg/1/2/3
l:>end
l:>/reg/1/2/3
l:>end
l:>/reg/1/2/3
l:>end
l:>/reg/1/2/3
l:>end
l:>/reg/1/2/3
l:>end
l:>/reg/1/2/3
l:>end
l:>/reg/1/2/3
l:>end
l:>/reg/1/2/3
l:>end
l:>/reg/1/2/3
l:>end
l:>/reg/1/2/3
l:>end
l:>/reg/1/2/3
l:>end
l:>/reg/1/2/3
l:>end
l:>/reg/1/2/3
l:>end
l:>/reg/1/2/3
l:>end
l:>/reg/1/2/3
l:>end
l:>/reg/1/2/3
l:>end
l:>/reg/1/2/3
l:>end
l:>/reg/1/2/3
l:>end
l:>/reg/1/2/3
l:>/reg/1/2/3
l:>end
l:>/reg/1/2/3
l:>end
l:>/reg/1/2/3
l:>end
l:>/reg/1/2/3
l:>end
l:>/reg/1/2/3
l:>end
l:>/reg/1/2/3
l:>end
l:>/reg/1/2/3
l:>end
l:>/reg/1/2/3
l:>end
l:>/reg/1/2/3
l:>end
l:>/reg/1/2/3
l:>end
l:>/reg/1/2/3
l:>end
l:>/reg/1/2/3
l:>end
l:>/reg/1/2/3
l:>end
l:>/reg/1/2/3
l:>end
l:>/reg/1/2/3
l:>end
l:>/reg/1/2/3
l:>end
l:>/reg/1/2/3
l:>end
l:>/reg/1/2/3
l:>end
l:>/reg/1/2/3
l:>end
l:>/reg/1/2/3
l:>end
l:>/reg/1/2/3
l:>end
l:>/reg/1/2/3
l:>end
l:>/reg/1/2/3
l:>end
l:>/usr/reg/1/2/3
l:>end
l:>/usr/reg/1/2/3
l:>end
l:>/usr/reg/1/2/3
l:>end
l:>/usr/reg/1/2/3
l:>end
l:>/usr/reg/1/2/3
l:>end
l:>/usr/reg/1/2/3
l:>end
l:>/usr/reg/1/2/3
l:>end
l:>/usr/reg/1/2/3
l:>end
l:>/usr/reg/1/2/3
l:>end
l:>/usr/reg/1/2/3
l:>end
l:>/usr/reg/1/2/3
l:>end
l:>/usr/reg/1/2/3
l:>end
l:>/usr/reg/1/2/3
l:>end
