l:>/usr/reg/
l:>end
l:>/favicon.ico
l:>end
l:>/favicon.ico
l:>end
l:>/usr/inf/
l:>end
l:>/usr/inf/1/
l:>end
l:>/usr/inf/1/
l:>end
l:>/usr/inf/1/
l:>end
l:>/usr/inf/1/
l:>end
l:>/usr/inf/1/
l:>end
l:>/usr/inf/1/
l:>end
l:>/usr/inf/1/
l:>end
l:>/usr/inf/2/
l:>end
l:>end
l:>/usr/inf/2/
l:>end
l:>/usr/inf/2/
l:>end
l:>/usr/inf/2/
l:>end
l:>/usr/inf/2/
l:>end
l:>/usr/inf/2/
l:>end
l:>/usr/inf/2/
l:>end
l:>/usr/inf/2/
l:>/usr/inf/2/
l:>/usr/inf/2/
l:>end
l:>/usr/inf/2/
l:>end
l:>/usr/inf/2/
l:>end
l:>/usr/inf/2/
l:>end
l:>/usr/inf/2/
l:>end
l:>/usr/inf/2/
l:>end
l:>/usr/inf/2/
l:>end
l:>/usr/inf/2/
l:>end
l:>/usr/inf/2/
l:>end
l:>/usr/inf/2/
l:>end
l:>/usr/inf/2/
l:>end
l:>/usr/inf/2/
l:>end
l:>/usr/inf/2/
l:>end
l:>/usr/inf/2/
l:>end
