l:>16:51:12-/
l:>16:51:12-end
l:>16:54:25-/
l:>16:54:25-end
l:>16:56:55-/
l:>16:56:55-end
l:>16:57:37-/
l:>16:58:14-/
l:>16:58:14-end
l:>16:58:48-/
l:>16:58:48-end
l:>16:58:49-/
l:>16:58:49-end
l:>16:59:18-/
l:>16:59:18-end
l:>16:59:19-/
l:>16:59:19-end
l:>16:59:39-/
l:>16:59:39-end
l:>16:59:53-/
l:>16:59:53-end
l:>17:44:51-/
l:>17:44:51-end
l:>17:44:53-/
l:>17:44:53-end
l:>17:46:45-/
l:>17:46:45-end
l:>17:46:46-/
l:>17:46:46-end
l:>17:48:02-/
l:>17:48:02-end
l:>17:48:03-/
l:>17:48:03-end
l:>17:48:03-/
l:>17:48:03-end
l:>17:48:03-/
l:>17:48:03-end
l:>17:48:38-/
l:>17:48:38-end
l:>17:58:48-/
l:>17:58:56-/
l:>17:59:13-/
l:>17:59:15-/
l:>17:59:24-/
l:>17:59:31-end
l:>18:00:13-end
l:>18:00:16-/
l:>18:00:19-/
l:>18:00:25-/
l:>18:00:55-end
l:>18:01:24-/
l:>18:01:25-/
l:>18:02:07-end
l:>18:02:49-end
l:>18:03:55-/
l:>18:05:19-/
l:>18:05:24-/
l:>18:06:02-end
l:>18:06:44-end
l:>18:06:57-/
l:>18:06:59-/
l:>18:07:26-/
l:>18:07:26-end
l:>18:08:09-end
l:>18:08:11-/
l:>18:08:12-/
l:>18:08:15-/
l:>18:08:51-end
l:>18:09:20-/
l:>18:09:33-/dft/index
l:>18:09:33-end
l:>18:09:36-/dft/index/
l:>18:10:03-/dft/reg
l:>18:10:06-/dft/reg/
l:>18:10:10-/reg/
l:>18:10:13-/reg
l:>18:10:16-end
l:>18:10:42-/reg
l:>18:10:54-/reg
l:>18:10:58-end
l:>18:11:40-end
l:>18:12:20-/reg
l:>18:12:22-end
l:>18:12:26-/
l:>18:12:37-/
l:>18:12:38-/
l:>18:12:39-/
l:>18:12:44-/
l:>18:12:44-end
l:>18:13:05-end
l:>18:13:13-/
l:>18:13:40-/
l:>18:13:40-end
l:>18:13:47-end
l:>18:14:00-/
l:>18:14:00-end
l:>18:14:12-/
l:>18:14:12-end
l:>18:14:18-/
l:>18:14:29-end
l:>18:15:11-end
l:>18:15:46-/mali/
l:>18:15:46-end
l:>18:17:48-/
l:>18:17:48-end
l:>18:17:51-/
l:>18:17:51-end
