l:>15:36:14-end
l:>15:36:31-/
l:>15:36:31-end
l:>15:36:51-/
l:>15:37:35-/
l:>15:37:36-end
l:>15:39:08-/
l:>15:39:08-end
l:>15:39:47-/
l:>15:39:47-end
l:>15:39:47-/
l:>15:39:47-end
l:>15:39:48-/
l:>15:39:48-end
l:>15:39:48-/
l:>15:39:48-end
l:>15:40:37-/
l:>15:40:37-end
l:>15:40:37-/
l:>15:40:37-end
l:>15:40:37-/
l:>15:40:38-end
l:>15:41:17-/
l:>15:41:17-end
l:>15:42:09-/
l:>15:42:09-end
l:>15:42:09-/
l:>15:42:09-end
l:>15:42:09-/
l:>15:42:09-end
l:>15:42:09-/
l:>15:42:10-end
l:>15:42:10-/
l:>15:42:10-end
l:>15:42:31-/
l:>15:42:31-end
l:>15:43:35-/
l:>15:43:35-end
l:>15:43:52-/
l:>15:43:52-end
l:>15:45:27-/
l:>15:45:28-end
l:>15:45:37-/
l:>15:45:37-end
l:>15:45:51-/
l:>15:45:51-end
l:>15:46:10-/
l:>15:46:10-end
l:>15:46:25-/
l:>15:46:25-end
l:>15:46:32-/
l:>15:46:32-end
l:>15:48:40-end
l:>15:50:36-/
l:>15:50:36-end
l:>15:51:43-/
l:>15:51:43-end
l:>15:51:44-/
l:>15:51:44-end
l:>15:51:44-/
l:>15:51:44-end
l:>15:51:44-/
l:>15:51:44-end
l:>15:53:08-/
l:>15:53:08-end
l:>15:53:18-/
l:>15:53:18-end
l:>15:53:46-/
l:>15:54:22-/
l:>15:54:22-end
l:>15:54:28-/
l:>15:57:16-/
l:>15:57:16-end
l:>15:57:38-/
l:>15:57:38-end
l:>15:58:25-/
l:>15:58:25-end
l:>15:58:25-/
l:>15:58:25-end
l:>15:58:25-/
l:>15:58:25-end
l:>15:58:26-/
l:>15:58:26-end
l:>15:58:26-/
l:>15:58:26-end
l:>15:58:26-/
l:>15:58:26-end
l:>15:58:26-/
l:>15:58:26-end
l:>15:58:26-/
l:>15:58:26-end
l:>15:58:27-/
l:>15:58:27-end
l:>15:58:27-/
l:>15:58:27-end
l:>15:58:43-/
l:>15:58:43-end
l:>15:59:26-/
l:>15:59:26-end
l:>16:00:05-/
l:>16:00:05-end
l:>16:00:18-/
l:>16:00:18-end
l:>16:00:19-/
l:>16:00:19-end
l:>16:00:19-/
l:>16:00:19-end
l:>16:00:19-/
l:>16:00:19-end
l:>16:00:57-/
l:>16:00:57-end
l:>16:02:05-/
l:>16:02:05-end
l:>16:03:01-/
l:>16:03:01-end
l:>16:19:39-/
l:>16:19:40-end
l:>16:19:57-/
l:>16:19:57-end
l:>16:20:05-/
l:>16:20:05-end
l:>16:20:15-/
l:>16:20:15-end
l:>16:20:43-/
l:>16:20:43-end
l:>16:21:09-/
l:>16:21:09-end
l:>16:25:01-/
l:>16:25:01-end
l:>16:33:11-/
l:>16:33:11-end
l:>16:33:30-/
l:>16:33:30-end
l:>16:35:12-/
l:>16:35:12-end
l:>16:35:12-/
l:>16:35:12-end
l:>16:35:12-/
l:>16:35:12-end
l:>16:35:27-/
l:>16:35:27-end
l:>16:35:38-/
l:>16:35:38-end
l:>16:35:59-/
l:>16:35:59-end
l:>16:36:45-/
l:>16:36:45-end
l:>17:09:23-/
l:>17:09:23-end
l:>17:12:01-end
l:>17:12:21-end
l:>17:12:33-/
l:>17:12:33-end
l:>17:12:45-/
l:>17:12:45-end
l:>17:13:14-/
l:>17:13:14-end
l:>17:13:14-/
l:>17:13:14-end
l:>17:13:32-/
l:>17:13:32-end
l:>17:14:00-/
l:>17:14:00-end
l:>17:14:14-/
l:>17:14:14-end
l:>17:14:41-/
l:>17:14:41-end
l:>17:15:38-/
l:>17:15:38-end
l:>17:16:02-/
l:>17:16:02-end
l:>17:17:03-end
l:>17:17:12-/
l:>17:17:12-end
l:>17:17:33-/
l:>17:17:33-end
l:>17:17:42-/
l:>17:17:42-end
l:>17:17:54-/
l:>17:17:54-end
l:>17:17:55-/
l:>17:17:55-end
l:>17:17:55-/
l:>17:17:55-end
l:>17:17:55-/
l:>17:17:55-end
l:>17:20:49-/
l:>17:20:49-end
l:>17:20:56-/
l:>17:20:56-end
l:>17:20:57-/
l:>17:20:57-end
l:>17:20:57-/
l:>17:20:57-end
l:>17:20:57-/
l:>17:20:57-end
l:>17:20:57-/
l:>17:20:57-end
l:>17:21:10-/
l:>17:21:11-end
l:>17:21:20-/
l:>17:21:20-end
l:>17:21:39-/
l:>17:21:39-end
l:>17:22:13-/2
l:>17:22:13-end
l:>17:22:57-/2
l:>17:22:57-end
l:>17:23:01-/2/2
l:>17:23:01-end
l:>18:02:00-/2/2
l:>18:02:20-/2/2
l:>18:04:51-/2/2
l:>18:04:51-end
l:>18:04:58-/cls/2
l:>18:04:58-end
l:>18:05:04-/evt/2
l:>18:05:04-end
l:>18:15:21-/evt/2
l:>18:15:21-end
l:>18:15:34-/evt/2
l:>18:15:34-end
l:>18:16:28-/evt/2
l:>18:16:28-end
l:>18:24:14-/evt/2
l:>18:24:14-end
l:>18:24:17-/evt/2?Adfs
l:>18:24:17-end
l:>18:24:28-/evt/2?a=Adfs
l:>18:24:28-end
l:>18:24:41-/evt/2?a=Adfs
l:>18:24:41-end
l:>18:26:31-/evt/2?a=Adfs
l:>18:26:31-end
l:>18:26:36-/evt/2/?a=Adfs
l:>18:26:36-end
l:>18:26:37-/evt/2/?a=Adfs
l:>18:26:37-end
l:>18:30:55-/evt/2/?a=Adfs
l:>18:30:55-end
