l:>/usr/reg/
l:>end
l:>/favicon.ico
l:>end
l:>/favicon.ico
l:>end
l:>/usr/reg/
l:>end
l:>/usr/reg/
l:>end
l:>/usr/reg/
l:>end
l:>/usr/upd/
l:>end
l:>/usr/upd/
l:>end
l:>/usr/upd/
l:>end
l:>/usr/upd/
l:>end
l:>/usr/upd/
l:>end
l:>/usr/upd/
l:>end
l:>/usr/upd/
l:>end
l:>/usr/upd/
l:>end
l:>/usr/upd/
l:>end
l:>/usr/upd/
l:>end
l:>/usr/upd/
l:>end
l:>/usr/upd/
l:>end
l:>/usr/upd/
l:>end
l:>/usr/upd/
l:>end
l:>/usr/upd/
l:>end
l:>/usr/upd/
l:>end
l:>/usr/upd/
l:>end
l:>/usr/upd/
l:>end
l:>/usr/upd/
l:>end
l:>/usr/upd/
l:>end
l:>/usr/upd/
l:>end
l:>/usr/upd/
l:>end
l:>/usr/upd/
l:>end
l:>/usr/upd/
l:>end
l:>/usr/reg/
l:>end
l:>/usr/upd/
l:>end
l:>end
l:>/usr/upd/
l:>end
l:>/usr/upd/
l:>end
l:>/usr/upd/
l:>end
l:>/usr/upd/
l:>end
l:>/usr/upd/
l:>end
l:>/usr/lst/
l:>end
l:>/usr/lst/
l:>end
l:>/usr/lst/
l:>end
l:>/usr/lst/
l:>end
l:>/usr/lst/
l:>end
