l:>/index/index/a/1/b/2.html
l:>end
l:>/index/index/a/1/b/2.html
l:>end
l:>/index/index/a/1/b/2.html
l:>end
l:>/index/index/a/1/b/2.html
l:>end
l:>/index/index/a/1/b/2.html
l:>end
l:>/index/index/a/1/b/2.html
l:>end
l:>/index/index/a/1/b/2.html
l:>end
l:>/index/index/a/1/b/2.html
l:>end
l:>/index/index/a/1/b/2.html
l:>end
l:>/index/index/a/1/b/2.html
l:>end
l:>/index/index/a/1/b/2.html
l:>end
l:>/index/index/a/1/b/2.html
l:>end
l:>/index/index/a/1/b/2.html
l:>end
l:>/index/index/a/1/b/2.html
l:>end
l:>/index/index/a/1/b/2.html
l:>end
l:>/index/index/a/1/b/2.html
l:>end
l:>/index/index/a/1/b/2.html
l:>end
l:>/index/index/a/1/b/2.html
l:>end
l:>/index/index/a/1/b/2.html
l:>end
l:>/index/index/a/1/b/2.html
l:>end
l:>/index/index/a/1/b/2.htm
l:>end
l:>/index/index/a/1/b/2.xml
l:>end
l:>/index/index/a/1/b/2.xmll
l:>end
l:>/index/index/a/1/b/2.xml
l:>end
l:>/index/index/a/1/b/2.xml
l:>end
l:>/index/index/a/1/b/2.xml
l:>end
l:>/index/index/a/1/b/2.xml
l:>end
l:>/index/index/a/1/b/2.xml
l:>end
l:>/index/index/a/1/b/2.xml
l:>end
l:>/index/index/a/1/b/2.xml
l:>end
l:>/index/index/a/1/b/2.xml
l:>end
l:>/index/index/a/1/b/2.xml
l:>end
l:>/index/index/a/1/b/2.xml
l:>end
l:>/index/index/a/1/b/2.xml
l:>end
l:>/index/index/a/1/b/2.xml
l:>end
l:>/index/index/a/1/b/2.xml
l:>end
l:>/index/index/a/1/b/2.xml
l:>end
l:>/index/index/a/1/b/2.xml
l:>end
l:>/index/index/a/1/b/2.xml
l:>end
l:>/index/index/a/1/b/2.xml
l:>end
