l:>/usr/login
l:>end
l:>/usr/login
l:>end
l:>/log/
l:>end
l:>/usr/login
l:>end
l:>/log/
l:>end
l:>/log/
l:>end
l:>/usr/login
l:>end
l:>/log/?fail=fail
l:>end
l:>/log/?fail=fail
l:>end
l:>/usr/login
l:>end
l:>/log/?fail=fail
l:>end
l:>/log/?fail=fail
l:>end
l:>/usr/login
l:>end
l:>/usr/login
l:>end
l:>/usr/login
l:>end
l:>/usr/login
l:>end
l:>/usr/login
l:>end
l:>/index
l:>end
l:>/index
l:>end
l:>/index
l:>end
l:>/index
l:>end
l:>/index
l:>end
l:>/index
l:>end
l:>/index
l:>end
l:>/index
l:>end
l:>/index
l:>end
l:>/index
l:>end
l:>/reg/
l:>end
l:>/news/
l:>end
l:>/news/
l:>/news/
l:>/news/
l:>/news/
l:>end
l:>/news/
l:>end
l:>/news/
l:>end
l:>/news/
l:>end
l:>/news/
l:>end
l:>/news/
l:>end
l:>/news/
l:>end
l:>/news/
l:>end
l:>/news/
l:>end
l:>/news/1
l:>end
l:>/news/1
l:>end
l:>/news/1
l:>end
l:>/news/1
l:>end
l:>/news/1
l:>end
l:>/news/1
l:>end
l:>/news/1
l:>end
l:>/news/1
l:>end
l:>/news/1
l:>end
l:>/news/1
l:>end
l:>/news/1
l:>end
l:>/news/1
l:>end
l:>/news/1
l:>end
l:>/news/1
l:>end
l:>/news/121333345
l:>end
l:>/news/121333345/123424
l:>end
l:>/news/121333345/123424/jd
l:>end
l:>/news/
l:>end
l:>/web/news/
l:>end
l:>/web/news/index
l:>end
l:>/web/news/index/123
l:>end
l:>/web/news/detail/123
l:>end
